1:xxx:xxx
1:180:xxx
1:181:xxx
1:182:xxx
1:183:xxx
1:184:xxx
1:185:xxx
1:186:xxx
1:187:xxx
1:188:xxx
1:189:xxx
1:190:xxx
1:191:xxx
1:192:xxx
1:193:xxx
1:194:xxx
1:195:xxx
1:196:xxx
1:197:xxx
1:198:xxx
1:199:xxx
1:200:xxx
1:201:xxx
1:202:xxx
1:203:xxx
1:204:xxx
1:205:xxx
1:206:xxx
1:207:xxx
1:208:xxx
1:209:xxx
1:210:xxx
1:211:xxx
1:212:xxx
1:213:xxx
1:214:xxx
1:215:xxx
1:216:xxx
1:217:xxx
1:218:xxx
1:219:xxx
1:220:xxx
1:221:xxx
1:222:xxx
1:223:xxx
1:224:xxx
1:225:xxx
1:226:xxx
1:227:xxx
1:228:xxx
1:229:xxx
1:230:xxx
2:xxx:xxx
2:180:xxx
 Колония [2:180:11] Шпионаж Атака Удержание Осада Поле обломков [2:180:11] Ресурсы: Металл: 0 Кристалл: 2.000 Действия: Переработать 
8
Message: no such element: Unable to locate element: {"method":"css selector","selector":"[id="radio_8"]"}
  (Session info: headless chrome=77.0.3865.90)

